<?xml version="1.0" encoding="UTF-8"?>
<!-- Generated by org.testng.reporters.JUnitReportReporter -->
<testsuite hostname="THUG" failures="0" tests="3" name="stepRunner.TestNGTestRunnerPassed" time="280.005" errors="3" timestamp="2022-07-29T23:04:37 IST" skipped="0">
  <testcase classname="stepRunner.TestNGTestRunnerPassed" name="runScenario" time="90.367">
    <error message="Cannot invoke &quot;org.openqa.selenium.WebDriver.getTitle()&quot; because &quot;this.driver&quot; is null" type="java.lang.NullPointerException">
      <![CDATA[java.lang.NullPointerException: Cannot invoke "org.openqa.selenium.WebDriver.getTitle()" because "this.driver" is null
at pageObjectClass.LandingPageObject.getTitleLandingPage(LandingPageObject.java:47)
at stepDefinations.LandingPageStepDefination.user_is_on_greenkart_landing_page(LandingPageStepDefination.java:36)
at ✽.User is on Greenkart landing page(file:///C:/Users/debas/eclipse-workspace/CucumberFramework/src/test/java/features/SearchProduct.feature:4)
]]>
    </error>
  </testcase> <!-- runScenario -->
  <system-out/>
  <testcase classname="stepRunner.TestNGTestRunnerPassed" name="runScenario" time="112.320">
    <error message="Cannot invoke &quot;org.openqa.selenium.WebDriver.getTitle()&quot; because &quot;this.driver&quot; is null" type="java.lang.NullPointerException">
      <![CDATA[java.lang.NullPointerException: Cannot invoke "org.openqa.selenium.WebDriver.getTitle()" because "this.driver" is null
at pageObjectClass.LandingPageObject.getTitleLandingPage(LandingPageObject.java:47)
at stepDefinations.LandingPageStepDefination.user_is_on_greenkart_landing_page(LandingPageStepDefination.java:36)
at ✽.User is on Greenkart landing page(file:///C:/Users/debas/eclipse-workspace/CucumberFramework/src/test/java/features/SearchProduct.feature:4)
]]>
    </error>
  </testcase> <!-- runScenario -->
  <system-out/>
  <testcase classname="stepRunner.TestNGTestRunnerPassed" name="runScenario" time="77.318">
    <error message="Cannot invoke &quot;org.openqa.selenium.WebDriver.getTitle()&quot; because &quot;this.driver&quot; is null" type="java.lang.NullPointerException">
      <![CDATA[java.lang.NullPointerException: Cannot invoke "org.openqa.selenium.WebDriver.getTitle()" because "this.driver" is null
at pageObjectClass.LandingPageObject.getTitleLandingPage(LandingPageObject.java:47)
at stepDefinations.LandingPageStepDefination.user_is_on_greenkart_landing_page(LandingPageStepDefination.java:36)
at ✽.User is on Greenkart landing page(file:///C:/Users/debas/eclipse-workspace/CucumberFramework/src/test/java/features/CheckOut.feature:5)
]]>
    </error>
  </testcase> <!-- runScenario -->
  <system-out/>
</testsuite> <!-- stepRunner.TestNGTestRunnerPassed -->
